<?xml version="1.0" encoding="UTF-8"?>
<!-- Generated by org.testng.reporters.JUnitXMLReporter -->
<testsuite ignored="4" hostname="LAPTOP-KBHHSOVJ" failures="0" tests="3" name="group" time="0.062" errors="0" timestamp="2023-06-05T11:59:28 IST">
  <testcase classname="TestNG.TestNg_group" name="Tc3" time="0.01"/>
  <testcase classname="TestNG.TestNg_group" name="Tc4" time="0.001"/>
  <testcase classname="TestNG.TestNg_group" name="Tc6" time="0.001"/>
  <testcase classname="TestNG.TestNg_group" name="Tc7" time="0.0">
    <ignored/>
  </testcase> <!-- Tc7 -->
  <testcase classname="TestNG.TestNg_group" name="Tc5" time="0.0">
    <ignored/>
  </testcase> <!-- Tc5 -->
  <testcase classname="TestNG.TestNg_group" name="Tc2" time="0.0">
    <ignored/>
  </testcase> <!-- Tc2 -->
  <testcase classname="TestNG.TestNg_group" name="Tc1" time="0.0">
    <ignored/>
  </testcase> <!-- Tc1 -->
</testsuite> <!-- group -->
