<?xml version="1.0" encoding="UTF-8"?>
<!-- Generated by org.testng.reporters.JUnitXMLReporter -->
<testsuite ignored="0" hostname="LAPTOP-KBHHSOVJ" failures="0" tests="10" name="simultaneous run" time="0.08" errors="0" timestamp="2023-06-05T11:18:03 IST">
  <testcase classname="TestNG.sample1" name="TC1" time="0.017"/>
  <testcase classname="TestNG.sample1" name="TC2" time="0.001"/>
  <testcase classname="TestNG.sample1" name="TC3" time="0.001"/>
  <testcase classname="TestNG.sample2" name="TC4" time="0.001"/>
  <testcase classname="TestNG.sample2" name="TC5" time="0.001"/>
  <testcase classname="TestNG.sample2" name="TC6" time="0.001"/>
  <testcase classname="TestNG.sample2" name="TC7" time="0.002"/>
  <testcase classname="TestNG.sample3" name="TC10" time="0.002"/>
  <testcase classname="TestNG.sample3" name="TC8" time="0.001"/>
  <testcase classname="TestNG.sample3" name="TC9" time="0.001"/>
</testsuite> <!-- simultaneous run -->
