<?xml version="1.0" encoding="UTF-8"?>
<testng-results ignored="4" total="7" passed="3" failed="0" skipped="0">
  <reporter-output>
    <line>
      <![CDATA[running TC3]]>
    </line>
    <line>
      <![CDATA[running TC4]]>
    </line>
    <line>
      <![CDATA[running TC6]]>
    </line>
  </reporter-output>
  <suite started-at="2023-06-05T11:59:28 IST" name="Suite" finished-at="2023-06-05T11:59:28 IST" duration-ms="62">
    <groups>
      <group name="amazon">
        <method signature="TestNg_group.Tc6()[pri:0, instance:TestNG.TestNg_group@48ae9b55]" name="Tc6" class="TestNG.TestNg_group"/>
      </group> <!-- amazon -->
      <group name="Gmail">
        <method signature="TestNg_group.Tc3()[pri:0, instance:TestNG.TestNg_group@48ae9b55]" name="Tc3" class="TestNG.TestNg_group"/>
        <method signature="TestNg_group.Tc4()[pri:0, instance:TestNG.TestNg_group@48ae9b55]" name="Tc4" class="TestNG.TestNg_group"/>
      </group> <!-- Gmail -->
    </groups>
    <test started-at="2023-06-05T11:59:28 IST" name="group" finished-at="2023-06-05T11:59:28 IST" duration-ms="62">
      <class name="TestNG.TestNg_group">
        <test-method signature="Tc3()[pri:0, instance:TestNG.TestNg_group@48ae9b55]" started-at="2023-06-05T11:59:28 IST" name="Tc3" finished-at="2023-06-05T11:59:28 IST" duration-ms="10" status="PASS">
          <reporter-output>
            <line>
              <![CDATA[running TC3]]>
            </line>
          </reporter-output>
        </test-method> <!-- Tc3 -->
        <test-method signature="Tc4()[pri:0, instance:TestNG.TestNg_group@48ae9b55]" started-at="2023-06-05T11:59:28 IST" name="Tc4" finished-at="2023-06-05T11:59:28 IST" duration-ms="1" status="PASS">
          <reporter-output>
            <line>
              <![CDATA[running TC4]]>
            </line>
          </reporter-output>
        </test-method> <!-- Tc4 -->
        <test-method signature="Tc6()[pri:0, instance:TestNG.TestNg_group@48ae9b55]" started-at="2023-06-05T11:59:28 IST" name="Tc6" finished-at="2023-06-05T11:59:28 IST" duration-ms="1" status="PASS">
          <reporter-output>
            <line>
              <![CDATA[running TC6]]>
            </line>
          </reporter-output>
        </test-method> <!-- Tc6 -->
      </class> <!-- TestNG.TestNg_group -->
    </test> <!-- group -->
  </suite> <!-- Suite -->
</testng-results>
